<?xml version="1.0" encoding="UTF-8"?>
<!-- Generated by org.testng.reporters.JUnitReportReporter -->
<testsuite hostname="DESKTOP-URQHE90" failures="0" tests="1" name="Tests.GoogleSearchTestCases" time="18.423" errors="0" timestamp="2022-01-02T21:08:58 EET" skipped="0">
  <testcase classname="Tests.GoogleSearchTestCases" name="googleSearchTest_TC01" time="18.423"/>
  <system-out/>
</testsuite> <!-- Tests.GoogleSearchTestCases -->
